c:\users\faraz bhatti\source\repos\robottracker\robottracker\x64\debug\robottracker.pch
c:\users\faraz bhatti\source\repos\robottracker\robottracker\x64\debug\vc141.pdb
c:\users\faraz bhatti\source\repos\robottracker\robottracker\x64\debug\vc141.idb
c:\users\faraz bhatti\source\repos\robottracker\robottracker\x64\debug\stdafx.obj
c:\users\faraz bhatti\source\repos\robottracker\robottracker\x64\debug\robottracker.obj
c:\users\faraz bhatti\source\repos\robottracker\robottracker\x64\debug\imageprocessing.obj
c:\users\faraz bhatti\source\repos\robottracker\robottracker\x64\debug\blob.obj
c:\users\faraz bhatti\source\repos\robottracker\robottracker\x64\debug\videosource.obj
c:\users\faraz bhatti\source\repos\robottracker\x64\debug\robottracker.exe
c:\users\faraz bhatti\source\repos\robottracker\x64\debug\robottracker.ilk
c:\users\faraz bhatti\source\repos\robottracker\x64\debug\robottracker.pdb
c:\users\faraz bhatti\source\repos\robottracker\x64\debug\robottracker.lib
c:\users\faraz bhatti\source\repos\robottracker\x64\debug\robottracker.exp
c:\users\faraz bhatti\source\repos\robottracker\robottracker\x64\debug\robottracker.tlog\cl.command.1.tlog
c:\users\faraz bhatti\source\repos\robottracker\robottracker\x64\debug\robottracker.tlog\cl.read.1.tlog
c:\users\faraz bhatti\source\repos\robottracker\robottracker\x64\debug\robottracker.tlog\cl.write.1.tlog
c:\users\faraz bhatti\source\repos\robottracker\robottracker\x64\debug\robottracker.tlog\link.command.1.tlog
c:\users\faraz bhatti\source\repos\robottracker\robottracker\x64\debug\robottracker.tlog\link.read.1.tlog
c:\users\faraz bhatti\source\repos\robottracker\robottracker\x64\debug\robottracker.tlog\link.write.1.tlog
c:\users\faraz bhatti\source\repos\robottracker\robottracker\x64\debug\robottracker.tlog\robottracker.write.1u.tlog
